[0m12:56:51.559713 [debug] [MainThread]: Sending event: {'category': 'dbt', 'action': 'invocation', 'label': 'start', 'context': [<snowplow_tracker.self_describing_json.SelfDescribingJson object at 0x0000018835CA0710>, <snowplow_tracker.self_describing_json.SelfDescribingJson object at 0x00000188357086D0>, <snowplow_tracker.self_describing_json.SelfDescribingJson object at 0x0000018835C92590>]}


============================== 12:56:51.566714 | 772a4920-68f1-4921-9993-afe8e6f8855e ==============================
[0m12:56:51.566714 [info ] [MainThread]: Running with dbt=1.7.13
[0m12:56:51.567715 [debug] [MainThread]: running dbt with arguments {'printer_width': '80', 'indirect_selection': 'eager', 'log_cache_events': 'False', 'write_json': 'True', 'partial_parse': 'True', 'cache_selected_only': 'False', 'warn_error': 'None', 'debug': 'False', 'profiles_dir': 'C:\\Users\\matsch\\.dbt', 'log_path': 'logs', 'fail_fast': 'False', 'version_check': 'True', 'use_colors': 'True', 'use_experimental_parser': 'False', 'no_print': 'None', 'quiet': 'False', 'log_format': 'default', 'invocation_command': 'dbt init dremio_dbt_test', 'static_parser': 'True', 'warn_error_options': 'WarnErrorOptions(include=[], exclude=[])', 'target_path': 'None', 'introspect': 'True', 'send_anonymous_usage_stats': 'True'}
[0m12:56:51.572715 [debug] [MainThread]: Starter project path: C:\Users\matsch\AppData\Local\Programs\Python\Python311\Lib\site-packages\dbt\include\starter_project
[0m12:56:51.618428 [info ] [MainThread]: 
Your new dbt project "dremio_dbt_test" was created!

For more information on how to configure the profiles.yml file,
please consult the dbt documentation here:

  https://docs.getdbt.com/docs/configure-your-profile

One more thing:

Need help? Don't hesitate to reach out to us via GitHub issues or on Slack:

  https://community.getdbt.com/

Happy modeling!

[0m12:56:51.621433 [info ] [MainThread]: Setting up your profile.
[0m13:00:31.295318 [info ] [MainThread]: Profile dremio_dbt_test written to C:\Users\matsch\.dbt\profiles.yml using target's profile_template.yml and your supplied values. Run 'dbt debug' to validate the connection.
[0m13:00:31.330753 [debug] [MainThread]: Command `dbt init` succeeded at 13:00:31.328025 after 219.80 seconds
[0m13:00:31.333985 [debug] [MainThread]: Sending event: {'category': 'dbt', 'action': 'invocation', 'label': 'end', 'context': [<snowplow_tracker.self_describing_json.SelfDescribingJson object at 0x000001882EFA28D0>, <snowplow_tracker.self_describing_json.SelfDescribingJson object at 0x0000018835CA4F10>, <snowplow_tracker.self_describing_json.SelfDescribingJson object at 0x000001882EFE34D0>]}
[0m13:00:31.337540 [debug] [MainThread]: Flushing usage events
[0m13:00:41.505725 [debug] [MainThread]: Error sending anonymous usage statistics. Disabling tracking for this execution. If you wish to permanently disable tracking, see: https://docs.getdbt.com/reference/global-configs#send-anonymous-usage-stats.
[0m13:00:55.759629 [debug] [MainThread]: Sending event: {'category': 'dbt', 'action': 'invocation', 'label': 'start', 'context': [<snowplow_tracker.self_describing_json.SelfDescribingJson object at 0x00000246E67934D0>, <snowplow_tracker.self_describing_json.SelfDescribingJson object at 0x00000246E67A6550>, <snowplow_tracker.self_describing_json.SelfDescribingJson object at 0x00000246E67A59D0>]}


============================== 13:00:55.787747 | 4fb8ceff-d147-4944-a604-c13c22812991 ==============================
[0m13:00:55.787747 [info ] [MainThread]: Running with dbt=1.7.13
[0m13:00:55.789753 [debug] [MainThread]: running dbt with arguments {'printer_width': '80', 'indirect_selection': 'eager', 'write_json': 'True', 'log_cache_events': 'False', 'partial_parse': 'True', 'cache_selected_only': 'False', 'warn_error': 'None', 'fail_fast': 'False', 'profiles_dir': 'C:\\Users\\matsch\\.dbt', 'log_path': 'logs', 'debug': 'False', 'version_check': 'True', 'use_colors': 'True', 'use_experimental_parser': 'False', 'no_print': 'None', 'quiet': 'False', 'log_format': 'default', 'invocation_command': 'dbt debug --log-level debug', 'static_parser': 'True', 'introspect': 'True', 'target_path': 'None', 'warn_error_options': 'WarnErrorOptions(include=[], exclude=[])', 'send_anonymous_usage_stats': 'True'}
[0m13:00:55.791746 [info ] [MainThread]: dbt version: 1.7.13
[0m13:00:55.792745 [info ] [MainThread]: python version: 3.11.4
[0m13:00:55.792745 [info ] [MainThread]: python path: C:\Users\matsch\AppData\Local\Programs\Python\Python311\python.exe
[0m13:00:55.793747 [info ] [MainThread]: os info: Windows-10-10.0.22631-SP0
[0m13:00:55.866147 [info ] [MainThread]: Using profiles dir at C:\Users\matsch\.dbt
[0m13:00:55.868148 [info ] [MainThread]: Using profiles.yml file at C:\Users\matsch\.dbt\profiles.yml
[0m13:00:55.869149 [info ] [MainThread]: Using dbt_project.yml file at C:\Projects\Development\epic_nautilus\dbt\dbt_project.yml
[0m13:00:55.870657 [info ] [MainThread]: adapter type: dremio
[0m13:00:55.872666 [info ] [MainThread]: adapter version: 1.7.0
[0m13:00:55.873669 [info ] [MainThread]: Configuration:
[0m13:00:55.874668 [info ] [MainThread]:   profiles.yml file [[32mOK found and valid[0m]
[0m13:00:55.875666 [info ] [MainThread]:   dbt_project.yml file [[31mERROR not found[0m]
[0m13:00:55.876668 [info ] [MainThread]: Required dependencies:
[0m13:00:55.876668 [debug] [MainThread]: Executing "git --help"
[0m13:00:55.956868 [debug] [MainThread]: STDOUT: "b"usage: git [-v | --version] [-h | --help] [-C <path>] [-c <name>=<value>]\n           [--exec-path[=<path>]] [--html-path] [--man-path] [--info-path]\n           [-p | --paginate | -P | --no-pager] [--no-replace-objects] [--bare]\n           [--git-dir=<path>] [--work-tree=<path>] [--namespace=<name>]\n           [--config-env=<name>=<envvar>] <command> [<args>]\n\nThese are common Git commands used in various situations:\n\nstart a working area (see also: git help tutorial)\n   clone     Clone a repository into a new directory\n   init      Create an empty Git repository or reinitialize an existing one\n\nwork on the current change (see also: git help everyday)\n   add       Add file contents to the index\n   mv        Move or rename a file, a directory, or a symlink\n   restore   Restore working tree files\n   rm        Remove files from the working tree and from the index\n\nexamine the history and state (see also: git help revisions)\n   bisect    Use binary search to find the commit that introduced a bug\n   diff      Show changes between commits, commit and working tree, etc\n   grep      Print lines matching a pattern\n   log       Show commit logs\n   show      Show various types of objects\n   status    Show the working tree status\n\ngrow, mark and tweak your common history\n   branch    List, create, or delete branches\n   commit    Record changes to the repository\n   merge     Join two or more development histories together\n   rebase    Reapply commits on top of another base tip\n   reset     Reset current HEAD to the specified state\n   switch    Switch branches\n   tag       Create, list, delete or verify a tag object signed with GPG\n\ncollaborate (see also: git help workflows)\n   fetch     Download objects and refs from another repository\n   pull      Fetch from and integrate with another repository or a local branch\n   push      Update remote refs along with associated objects\n\n'git help -a' and 'git help -g' list available subcommands and some\nconcept guides. See 'git help <command>' or 'git help <concept>'\nto read about a specific subcommand or concept.\nSee 'git help git' for an overview of the system.\n""
[0m13:00:55.958980 [debug] [MainThread]: STDERR: "b''"
[0m13:00:55.960087 [info ] [MainThread]:  - git [[32mOK found[0m]

[0m13:00:55.960716 [info ] [MainThread]: Connection:
[0m13:00:55.961222 [info ] [MainThread]:   cloud_host: None
[0m13:00:55.961774 [info ] [MainThread]:   cloud_project_id: None
[0m13:00:55.962303 [info ] [MainThread]:   software_host: localhost
[0m13:00:55.962828 [info ] [MainThread]:   port: 31010
[0m13:00:55.963612 [info ] [MainThread]:   use_ssl: False
[0m13:00:55.964794 [info ] [MainThread]:   environment: None
[0m13:00:55.965301 [info ] [MainThread]:   UID: matsch
[0m13:00:55.965301 [info ] [MainThread]:   root_path: nautilus_test.epic-nautilus-landing-zone
[0m13:00:55.966309 [info ] [MainThread]:   datalake: nautilus_test
[0m13:00:55.967308 [info ] [MainThread]:   database: DataEngineering
[0m13:00:55.967308 [info ] [MainThread]:   schema: bronze
[0m13:00:55.968309 [info ] [MainThread]:   user: matsch
[0m13:00:55.969310 [info ] [MainThread]:   username: matsch
[0m13:00:55.969310 [info ] [MainThread]:   object_storage_source: nautilus_test
[0m13:00:55.970817 [info ] [MainThread]:   object_storage_path: nautilus_test.epic-nautilus-landing-zone
[0m13:00:55.972742 [info ] [MainThread]:   dremio_space: DataEngineering
[0m13:00:55.973811 [info ] [MainThread]:   dremio_space_folder: bronze
[0m13:00:55.974888 [info ] [MainThread]: Registered adapter: dremio=1.7.0
[0m13:00:55.975421 [debug] [MainThread]: Acquiring new dremio connection 'debug'
[0m13:00:55.976475 [debug] [MainThread]: dremio adapter: Using dremio connection "debug". fetch=False
[0m13:00:55.977001 [debug] [MainThread]: dremio adapter: On debug: select 1 as id
[0m13:00:55.977542 [debug] [MainThread]: Opening a new connection, currently in state init
[0m13:00:55.994659 [debug] [MainThread]: dremio adapter: Error running SQL: select 1 as id
[0m13:00:55.995695 [debug] [MainThread]: On debug: No close available on handle
[0m13:00:55.996753 [info ] [MainThread]:   Connection test: [[31mERROR[0m]

[0m13:00:55.997889 [info ] [MainThread]: [31m2 checks failed:[0m
[0m13:00:55.998488 [info ] [MainThread]: Project loading failed for the following reason:
 project path <C:\Projects\Development\epic_nautilus\dbt\dbt_project.yml> not found

[0m13:00:55.999562 [info ] [MainThread]: dbt was unable to connect to the specified database.
The database returned the following error:

  >Database Error
  ('Connection aborted.', RemoteDisconnected('Remote end closed connection without response'))

Check your database credentials and try again. For more information, visit:
https://docs.getdbt.com/docs/configure-your-profile


[0m13:00:56.001908 [debug] [MainThread]: Command `dbt debug` failed at 13:00:56.001255 after 0.34 seconds
[0m13:00:56.002663 [debug] [MainThread]: Connection 'debug' was properly closed.
[0m13:00:56.003728 [debug] [MainThread]: Sending event: {'category': 'dbt', 'action': 'invocation', 'label': 'end', 'context': [<snowplow_tracker.self_describing_json.SelfDescribingJson object at 0x00000246E6807C50>, <snowplow_tracker.self_describing_json.SelfDescribingJson object at 0x00000246DFAE3490>, <snowplow_tracker.self_describing_json.SelfDescribingJson object at 0x00000246E68D09D0>]}
[0m13:00:56.005330 [debug] [MainThread]: Flushing usage events
[0m13:01:06.024735 [debug] [MainThread]: Error sending anonymous usage statistics. Disabling tracking for this execution. If you wish to permanently disable tracking, see: https://docs.getdbt.com/reference/global-configs#send-anonymous-usage-stats.
